c:\users\86137\source\repos\superbox\x64\debug\animation.nativecodeanalysis.sarif
c:\users\86137\source\repos\superbox\x64\debug\animation.nativecodeanalysis.xml
c:\users\86137\source\repos\superbox\x64\debug\animation.obj
c:\users\86137\source\repos\superbox\x64\debug\miscsettingsimporter.nativecodeanalysis.sarif
c:\users\86137\source\repos\superbox\x64\debug\miscsettingsimporter.nativecodeanalysis.xml
c:\users\86137\source\repos\superbox\x64\debug\miscsettingsimporter.obj
c:\users\86137\source\repos\superbox\x64\debug\enemy.nativecodeanalysis.sarif
c:\users\86137\source\repos\superbox\x64\debug\enemy.nativecodeanalysis.xml
c:\users\86137\source\repos\superbox\x64\debug\enemy.obj
c:\users\86137\source\repos\superbox\x64\debug\superbox.nativecodeanalysis.sarif
c:\users\86137\source\repos\superbox\x64\debug\superbox.nativecodeanalysis.xml
c:\users\86137\source\repos\superbox\x64\debug\superbox.obj
c:\users\86137\source\repos\superbox\x64\debug\animatedgraphicsview.nativecodeanalysis.sarif
c:\users\86137\source\repos\superbox\x64\debug\animatedgraphicsview.nativecodeanalysis.xml
c:\users\86137\source\repos\superbox\x64\debug\animatedgraphicsview.obj
c:\users\86137\source\repos\superbox\x64\debug\inventorymanager.nativecodeanalysis.sarif
c:\users\86137\source\repos\superbox\x64\debug\inventorymanager.nativecodeanalysis.xml
c:\users\86137\source\repos\superbox\x64\debug\inventorymanager.obj
c:\users\86137\source\repos\superbox\x64\debug\powermanager.nativecodeanalysis.sarif
c:\users\86137\source\repos\superbox\x64\debug\powermanager.nativecodeanalysis.xml
c:\users\86137\source\repos\superbox\x64\debug\powermanager.obj
c:\users\86137\source\repos\superbox\x64\debug\propertiesui.nativecodeanalysis.sarif
c:\users\86137\source\repos\superbox\x64\debug\propertiesui.nativecodeanalysis.xml
c:\users\86137\source\repos\superbox\x64\debug\propertiesui.obj
c:\users\86137\source\repos\superbox\x64\debug\entity.nativecodeanalysis.sarif
c:\users\86137\source\repos\superbox\x64\debug\entity.nativecodeanalysis.xml
c:\users\86137\source\repos\superbox\x64\debug\entity.obj
c:\users\86137\source\repos\superbox\x64\debug\main.nativecodeanalysis.sarif
c:\users\86137\source\repos\superbox\x64\debug\main.nativecodeanalysis.xml
c:\users\86137\source\repos\superbox\x64\debug\main.obj
c:\users\86137\source\repos\superbox\x64\debug\item.nativecodeanalysis.sarif
c:\users\86137\source\repos\superbox\x64\debug\item.nativecodeanalysis.xml
c:\users\86137\source\repos\superbox\x64\debug\item.obj
c:\users\86137\source\repos\superbox\x64\debug\player.nativecodeanalysis.sarif
c:\users\86137\source\repos\superbox\x64\debug\player.nativecodeanalysis.xml
c:\users\86137\source\repos\superbox\x64\debug\player.obj
c:\users\86137\source\repos\superbox\x64\debug\buttonsmanager.nativecodeanalysis.sarif
c:\users\86137\source\repos\superbox\x64\debug\buttonsmanager.nativecodeanalysis.xml
c:\users\86137\source\repos\superbox\x64\debug\buttonsmanager.obj
c:\users\86137\source\repos\superbox\x64\debug\bullet.nativecodeanalysis.sarif
c:\users\86137\source\repos\superbox\x64\debug\bullet.nativecodeanalysis.xml
c:\users\86137\source\repos\superbox\x64\debug\bullet.obj
c:\users\86137\source\repos\superbox\x64\debug\singleton.nativecodeanalysis.sarif
c:\users\86137\source\repos\superbox\x64\debug\singleton.nativecodeanalysis.xml
c:\users\86137\source\repos\superbox\x64\debug\singleton.obj
c:\users\86137\source\repos\superbox\x64\debug\bulletdetails.nativecodeanalysis.sarif
c:\users\86137\source\repos\superbox\x64\debug\bulletdetails.nativecodeanalysis.xml
c:\users\86137\source\repos\superbox\x64\debug\bulletdetails.obj
c:\users\86137\source\repos\superbox\x64\debug\rigidbody.nativecodeanalysis.sarif
c:\users\86137\source\repos\superbox\x64\debug\rigidbody.nativecodeanalysis.xml
c:\users\86137\source\repos\superbox\x64\debug\rigidbody.obj
c:\users\86137\source\repos\superbox\x64\debug\savedetails.nativecodeanalysis.sarif
c:\users\86137\source\repos\superbox\x64\debug\savedetails.nativecodeanalysis.xml
c:\users\86137\source\repos\superbox\x64\debug\savedetails.obj
c:\users\86137\source\repos\superbox\x64\debug\selectui.nativecodeanalysis.sarif
c:\users\86137\source\repos\superbox\x64\debug\selectui.nativecodeanalysis.xml
c:\users\86137\source\repos\superbox\x64\debug\selectui.obj
c:\users\86137\source\repos\superbox\x64\debug\animator.nativecodeanalysis.sarif
c:\users\86137\source\repos\superbox\x64\debug\animator.nativecodeanalysis.xml
c:\users\86137\source\repos\superbox\x64\debug\animator.obj
c:\users\86137\source\repos\superbox\x64\debug\timetest.nativecodeanalysis.sarif
c:\users\86137\source\repos\superbox\x64\debug\timetest.nativecodeanalysis.xml
c:\users\86137\source\repos\superbox\x64\debug\timetest.obj
c:\users\86137\source\repos\superbox\x64\debug\bar.nativecodeanalysis.sarif
c:\users\86137\source\repos\superbox\x64\debug\bar.nativecodeanalysis.xml
c:\users\86137\source\repos\superbox\x64\debug\bar.obj
c:\users\86137\source\repos\superbox\x64\debug\timeupdater.nativecodeanalysis.sarif
c:\users\86137\source\repos\superbox\x64\debug\timeupdater.nativecodeanalysis.xml
c:\users\86137\source\repos\superbox\x64\debug\timeupdater.obj
c:\users\86137\source\repos\superbox\x64\debug\damagedetails.nativecodeanalysis.sarif
c:\users\86137\source\repos\superbox\x64\debug\damagedetails.nativecodeanalysis.xml
c:\users\86137\source\repos\superbox\x64\debug\damagedetails.obj
c:\users\86137\source\repos\superbox\x64\debug\itemcreater.nativecodeanalysis.sarif
c:\users\86137\source\repos\superbox\x64\debug\itemcreater.nativecodeanalysis.xml
c:\users\86137\source\repos\superbox\x64\debug\itemcreater.obj
c:\users\86137\source\repos\superbox\x64\debug\savemanager.nativecodeanalysis.sarif
c:\users\86137\source\repos\superbox\x64\debug\savemanager.nativecodeanalysis.xml
c:\users\86137\source\repos\superbox\x64\debug\savemanager.obj
c:\users\86137\source\repos\superbox\x64\debug\setting.nativecodeanalysis.sarif
c:\users\86137\source\repos\superbox\x64\debug\setting.nativecodeanalysis.xml
c:\users\86137\source\repos\superbox\x64\debug\setting.obj
c:\users\86137\source\repos\superbox\x64\debug\structs.nativecodeanalysis.sarif
c:\users\86137\source\repos\superbox\x64\debug\structs.nativecodeanalysis.xml
c:\users\86137\source\repos\superbox\x64\debug\structs.obj
c:\users\86137\source\repos\superbox\x64\debug\test.nativecodeanalysis.sarif
c:\users\86137\source\repos\superbox\x64\debug\test.nativecodeanalysis.xml
c:\users\86137\source\repos\superbox\x64\debug\test.obj
c:\users\86137\source\repos\superbox\x64\debug\enterwindow.nativecodeanalysis.sarif
c:\users\86137\source\repos\superbox\x64\debug\enterwindow.nativecodeanalysis.xml
c:\users\86137\source\repos\superbox\x64\debug\enterwindow.obj
c:\users\86137\source\repos\superbox\x64\debug\enemycreater.nativecodeanalysis.sarif
c:\users\86137\source\repos\superbox\x64\debug\enemycreater.nativecodeanalysis.xml
c:\users\86137\source\repos\superbox\x64\debug\enemycreater.obj
c:\users\86137\source\repos\superbox\x64\debug\bulletmanager.nativecodeanalysis.sarif
c:\users\86137\source\repos\superbox\x64\debug\bulletmanager.nativecodeanalysis.xml
c:\users\86137\source\repos\superbox\x64\debug\bulletmanager.obj
c:\users\86137\source\repos\superbox\x64\debug\battlewindow.nativecodeanalysis.sarif
c:\users\86137\source\repos\superbox\x64\debug\battlewindow.nativecodeanalysis.xml
c:\users\86137\source\repos\superbox\x64\debug\battlewindow.obj
c:\users\86137\source\repos\superbox\x64\debug\enteruimanager.nativecodeanalysis.sarif
c:\users\86137\source\repos\superbox\x64\debug\enteruimanager.nativecodeanalysis.xml
c:\users\86137\source\repos\superbox\x64\debug\enteruimanager.obj
c:\users\86137\source\repos\superbox\x64\debug\enums.nativecodeanalysis.sarif
c:\users\86137\source\repos\superbox\x64\debug\enums.nativecodeanalysis.xml
c:\users\86137\source\repos\superbox\x64\debug\enums.obj
c:\users\86137\source\repos\superbox\x64\debug\loadslot.nativecodeanalysis.sarif
c:\users\86137\source\repos\superbox\x64\debug\loadslot.nativecodeanalysis.xml
c:\users\86137\source\repos\superbox\x64\debug\loadslot.obj
c:\users\86137\source\repos\superbox\x64\debug\entityproperty.nativecodeanalysis.sarif
c:\users\86137\source\repos\superbox\x64\debug\entityproperty.nativecodeanalysis.xml
c:\users\86137\source\repos\superbox\x64\debug\entityproperty.obj
c:\users\86137\source\repos\superbox\x64\debug\loadmanager.nativecodeanalysis.sarif
c:\users\86137\source\repos\superbox\x64\debug\loadmanager.nativecodeanalysis.xml
c:\users\86137\source\repos\superbox\x64\debug\loadmanager.obj
c:\users\86137\source\repos\superbox\x64\debug\bag.nativecodeanalysis.sarif
c:\users\86137\source\repos\superbox\x64\debug\bag.nativecodeanalysis.xml
c:\users\86137\source\repos\superbox\x64\debug\bag.obj
c:\users\86137\source\repos\superbox\x64\debug\timemanager.nativecodeanalysis.sarif
c:\users\86137\source\repos\superbox\x64\debug\timemanager.nativecodeanalysis.xml
c:\users\86137\source\repos\superbox\x64\debug\timemanager.obj
c:\users\86137\source\repos\superbox\x64\debug\vc142.pdb
c:\users\86137\source\repos\superbox\x64\debug\moc_superbox.nativecodeanalysis.sarif
c:\users\86137\source\repos\superbox\x64\debug\moc_superbox.nativecodeanalysis.xml
c:\users\86137\source\repos\superbox\x64\debug\moc_superbox.obj
c:\users\86137\source\repos\superbox\x64\debug\qrc_superbox.nativecodeanalysis.sarif
c:\users\86137\source\repos\superbox\x64\debug\qrc_superbox.nativecodeanalysis.xml
c:\users\86137\source\repos\superbox\x64\debug\qrc_superbox.obj
c:\users\86137\source\repos\superbox\x64\debug\qrc_enterwindow.nativecodeanalysis.sarif
c:\users\86137\source\repos\superbox\x64\debug\qrc_enterwindow.nativecodeanalysis.xml
c:\users\86137\source\repos\superbox\x64\debug\qrc_enterwindow.obj
c:\users\86137\source\repos\superbox\x64\debug\moc_animatedgraphicsview.nativecodeanalysis.sarif
c:\users\86137\source\repos\superbox\x64\debug\moc_animatedgraphicsview.nativecodeanalysis.xml
c:\users\86137\source\repos\superbox\x64\debug\moc_animatedgraphicsview.obj
c:\users\86137\source\repos\superbox\x64\debug\moc_enterwindow.nativecodeanalysis.sarif
c:\users\86137\source\repos\superbox\x64\debug\moc_enterwindow.nativecodeanalysis.xml
c:\users\86137\source\repos\superbox\x64\debug\moc_enterwindow.obj
c:\users\86137\source\repos\superbox\x64\debug\superbox.ilk
c:\users\86137\source\repos\superbox\x64\debug\superbox.exe
c:\users\86137\source\repos\superbox\x64\debug\superbox.pdb
c:\users\86137\source\repos\superbox\x64\debug\moc\moc_superbox.cpp
c:\users\86137\source\repos\superbox\x64\debug\moc\moc_animatedgraphicsview.cpp
c:\users\86137\source\repos\superbox\x64\debug\moc\moc_enterwindow.cpp
c:\users\86137\source\repos\superbox\x64\debug\rcc\qrc_enterwindow.cpp
c:\users\86137\source\repos\superbox\x64\debug\rcc\qrc_superbox.cpp
c:\users\86137\source\repos\superbox\x64\debug\uic\ui_enterwindow.h
c:\users\86137\source\repos\superbox\x64\debug\uic\ui_superbox.h
c:\users\86137\source\repos\superbox\x64\debug\vc.nativecodeanalysis.all.xml
c:\users\86137\source\repos\superbox\x64\debug\superbox.tlog\cl.10332.write.1.tlog
c:\users\86137\source\repos\superbox\x64\debug\superbox.tlog\cl.command.1.tlog
c:\users\86137\source\repos\superbox\x64\debug\superbox.tlog\cl.read.1.tlog
c:\users\86137\source\repos\superbox\x64\debug\superbox.tlog\link.command.1.tlog
c:\users\86137\source\repos\superbox\x64\debug\superbox.tlog\link.read.1.tlog
c:\users\86137\source\repos\superbox\x64\debug\superbox.tlog\link.write.1.tlog
c:\users\86137\source\repos\superbox\x64\debug\superbox.tlog\moc.read.1u.tlog
c:\users\86137\source\repos\superbox\x64\debug\superbox.tlog\moc.write.1u.tlog
c:\users\86137\source\repos\superbox\x64\debug\superbox.tlog\rcc.read.1u.tlog
c:\users\86137\source\repos\superbox\x64\debug\superbox.tlog\rcc.write.1u.tlog
c:\users\86137\source\repos\superbox\x64\debug\superbox.tlog\superbox.write.1u.tlog
c:\users\86137\source\repos\superbox\x64\debug\superbox.tlog\uic.read.1u.tlog
c:\users\86137\source\repos\superbox\x64\debug\superbox.tlog\uic.write.1u.tlog
